<?xml version="1.0" encoding="UTF-8"?>
<!-- Generated by org.testng.reporters.JUnitXMLReporter -->
<testsuite ignored="0" hostname="LAPTOP-IKMKL6D0" failures="0" tests="6" name="selenium course" time="0.192" errors="0" timestamp="2023-08-11T15:26:39 IST">
  <testcase classname="aug11.demo5" name="f" time="0.012"/>
  <testcase classname="aug11.demo4" name="f" time="0.008"/>
  <testcase classname="aug11.demo3" name="test" time="0.007"/>
  <testcase classname="aug11.demo3" name="test2" time="0.004"/>
  <testcase classname="aug11.demo2" name="f0x" time="0.01"/>
  <testcase classname="aug11.demo2" name="siva" time="0.02"/>
</testsuite> <!-- selenium course -->
