<?xml version="1.0" encoding="UTF-8"?>
<!-- Generated by org.testng.reporters.JUnitXMLReporter -->
<testsuite ignored="0" hostname="LAPTOP-IKMKL6D0" failures="0" tests="5" name="siva course" time="0.067" errors="0" timestamp="2023-08-11T15:26:39 IST">
  <testcase classname="aug11.demo4" name="f" time="0.002"/>
  <testcase classname="aug11.demo3" name="test" time="0.006"/>
  <testcase classname="aug11.demo3" name="test2" time="0.004"/>
  <testcase classname="aug11.demo2" name="f0x" time="0.003"/>
  <testcase classname="aug11.demo2" name="siva" time="0.002"/>
</testsuite> <!-- siva course -->
