<?xml version="1.0" encoding="UTF-8"?>
<!-- Generated by org.testng.reporters.JUnitXMLReporter -->
<testsuite ignored="0" hostname="LAPTOP-IKMKL6D0" failures="3" tests="6" name="Bigbaskettestcases.xml" time="55.513" errors="0" timestamp="2023-08-12T07:43:49 IST">
  <testcase classname="seleniumtestng.Demo2" name="f" time="14.245"/>
  <testcase classname="seleniumtestng.Demo2" name="f2" time="10.214"/>
  <testcase classname="seleniumtestng.Demo2" name="f3" time="21.291"/>
  <testcase classname="seleniumtestng.Demo1" name="f" time="0.004">
    <failure type="java.lang.IllegalArgumentException" message="Driver must be set">
      <![CDATA[java.lang.IllegalArgumentException: Driver must be set
at org.openqa.selenium.internal.Require.nonNull(Require.java:60)
at org.openqa.selenium.interactions.Actions.<init>(Actions.java:59)
at seleniumtestng.Demo1.f(Demo1.java:26)
at java.base/java.util.ArrayList.forEach(ArrayList.java:1511)
... Removed 25 stack frames]]>
    </failure>
  </testcase> <!-- f -->
  <testcase classname="seleniumtestng.Demo1" name="f2" time="0.005">
    <failure type="java.lang.IllegalArgumentException" message="Driver must be set">
      <![CDATA[java.lang.IllegalArgumentException: Driver must be set
at org.openqa.selenium.internal.Require.nonNull(Require.java:60)
at org.openqa.selenium.interactions.Actions.<init>(Actions.java:59)
at seleniumtestng.Demo1.f2(Demo1.java:47)
at java.base/java.util.ArrayList.forEach(ArrayList.java:1511)
... Removed 25 stack frames]]>
    </failure>
  </testcase> <!-- f2 -->
  <testcase classname="seleniumtestng.Demo1" name="f3" time="0.002">
    <failure type="java.lang.IllegalArgumentException" message="Driver must be set">
      <![CDATA[java.lang.IllegalArgumentException: Driver must be set
at org.openqa.selenium.internal.Require.nonNull(Require.java:60)
at org.openqa.selenium.interactions.Actions.<init>(Actions.java:59)
at seleniumtestng.Demo1.f3(Demo1.java:34)
at java.base/java.util.ArrayList.forEach(ArrayList.java:1511)
... Removed 25 stack frames]]>
    </failure>
  </testcase> <!-- f3 -->
</testsuite> <!-- Bigbaskettestcases.xml -->
